2023-08-23T00:07:29+00:00 CRITICAL syntax error, unexpected double-quoted string ").slick({", expecting "," or ";" in C:\xampp\htdocs\lowrance\wp-content\themes\twentytwenty-child\functions.php on line 345

2023-08-23T00:39:33+00:00 CRITICAL Uncaught TypeError: Cannot access offset of type string on string in C:\xampp\htdocs\lowrance\wp-content\themes\twentytwenty-child\functions.php:314
Stack trace:
#0 C:\xampp\htdocs\lowrance\wp-includes\class-wp-hook.php(310): custom_reviews_tab_title('Reviews (1)', 'reviews')
#1 C:\xampp\htdocs\lowrance\wp-includes\plugin.php(205): WP_Hook->apply_filters('Reviews (1)', Array)
#2 C:\xampp\htdocs\lowrance\wp-content\plugins\woocommerce\templates\single-product\tabs\tabs.php(38): apply_filters('woocommerce_pro...', 'Reviews (1)', 'reviews')
#3 C:\xampp\htdocs\lowrance\wp-content\plugins\woocommerce\includes\wc-core-functions.php(345): include('C:\\xampp\\htdocs...')
#4 C:\xampp\htdocs\lowrance\wp-content\plugins\woocommerce\includes\wc-template-functions.php(1626): wc_get_template('single-product/...')
#5 C:\xampp\htdocs\lowrance\wp-includes\class-wp-hook.php(310): woocommerce_output_product_data_tabs('')
#6 C:\xampp\htdocs\lowrance\wp-includes\class-wp-hook.php(334): WP_Hook->apply_filters('', Array)
#7 C:\xampp\htdocs\lowrance\wp-includes\plugin.php(517): WP_Hook->do_action(Array)
#8 C:\xampp\htdocs\lowrance\wp-content\plugins\woocommerce\templates\content-single-product.php(72): do_action('woocommerce_aft...')
#9 C:\xampp\htdocs\lowrance\wp-includes\template.php(787): require('C:\\xampp\\htdocs...')
#10 C:\xampp\htdocs\lowrance\wp-content\plugins\woocommerce\includes\wc-core-functions.php(284): load_template('C:\\xampp\\htdocs...', false)
#11 C:\xampp\htdocs\lowrance\wp-content\themes\twentytwenty-child\woocommerce\single-product.php(42): wc_get_template_part('content', 'single-product')
#12 C:\xampp\htdocs\lowrance\wp-includes\template-loader.php(106): include('C:\\xampp\\htdocs...')
#13 C:\xampp\htdocs\lowrance\wp-blog-header.php(19): require_once('C:\\xampp\\htdocs...')
#14 C:\xampp\htdocs\lowrance\index.php(17): require('C:\\xampp\\htdocs...')
#15 {main}
  thrown in C:\xampp\htdocs\lowrance\wp-content\themes\twentytwenty-child\functions.php on line 314

2023-08-23T00:40:52+00:00 CRITICAL Uncaught TypeError: Cannot access offset of type string on string in C:\xampp\htdocs\lowrance\wp-content\themes\twentytwenty-child\functions.php:314
Stack trace:
#0 C:\xampp\htdocs\lowrance\wp-includes\class-wp-hook.php(310): custom_reviews_tab_title('Reviews (1)', 'reviews')
#1 C:\xampp\htdocs\lowrance\wp-includes\plugin.php(205): WP_Hook->apply_filters('Reviews (1)', Array)
#2 C:\xampp\htdocs\lowrance\wp-content\plugins\woocommerce\templates\single-product\tabs\tabs.php(38): apply_filters('woocommerce_pro...', 'Reviews (1)', 'reviews')
#3 C:\xampp\htdocs\lowrance\wp-content\plugins\woocommerce\includes\wc-core-functions.php(345): include('C:\\xampp\\htdocs...')
#4 C:\xampp\htdocs\lowrance\wp-content\plugins\woocommerce\includes\wc-template-functions.php(1626): wc_get_template('single-product/...')
#5 C:\xampp\htdocs\lowrance\wp-includes\class-wp-hook.php(310): woocommerce_output_product_data_tabs('')
#6 C:\xampp\htdocs\lowrance\wp-includes\class-wp-hook.php(334): WP_Hook->apply_filters('', Array)
#7 C:\xampp\htdocs\lowrance\wp-includes\plugin.php(517): WP_Hook->do_action(Array)
#8 C:\xampp\htdocs\lowrance\wp-content\plugins\woocommerce\templates\content-single-product.php(72): do_action('woocommerce_aft...')
#9 C:\xampp\htdocs\lowrance\wp-includes\template.php(787): require('C:\\xampp\\htdocs...')
#10 C:\xampp\htdocs\lowrance\wp-content\plugins\woocommerce\includes\wc-core-functions.php(284): load_template('C:\\xampp\\htdocs...', false)
#11 C:\xampp\htdocs\lowrance\wp-content\themes\twentytwenty-child\woocommerce\single-product.php(42): wc_get_template_part('content', 'single-product')
#12 C:\xampp\htdocs\lowrance\wp-includes\template-loader.php(106): include('C:\\xampp\\htdocs...')
#13 C:\xampp\htdocs\lowrance\wp-blog-header.php(19): require_once('C:\\xampp\\htdocs...')
#14 C:\xampp\htdocs\lowrance\index.php(17): require('C:\\xampp\\htdocs...')
#15 {main}
  thrown in C:\xampp\htdocs\lowrance\wp-content\themes\twentytwenty-child\functions.php on line 314

2023-08-23T00:40:58+00:00 CRITICAL Uncaught TypeError: Cannot access offset of type string on string in C:\xampp\htdocs\lowrance\wp-content\themes\twentytwenty-child\functions.php:314
Stack trace:
#0 C:\xampp\htdocs\lowrance\wp-includes\class-wp-hook.php(310): custom_reviews_tab_title('Reviews (1)', 'reviews')
#1 C:\xampp\htdocs\lowrance\wp-includes\plugin.php(205): WP_Hook->apply_filters('Reviews (1)', Array)
#2 C:\xampp\htdocs\lowrance\wp-content\plugins\woocommerce\templates\single-product\tabs\tabs.php(38): apply_filters('woocommerce_pro...', 'Reviews (1)', 'reviews')
#3 C:\xampp\htdocs\lowrance\wp-content\plugins\woocommerce\includes\wc-core-functions.php(345): include('C:\\xampp\\htdocs...')
#4 C:\xampp\htdocs\lowrance\wp-content\plugins\woocommerce\includes\wc-template-functions.php(1626): wc_get_template('single-product/...')
#5 C:\xampp\htdocs\lowrance\wp-includes\class-wp-hook.php(310): woocommerce_output_product_data_tabs('')
#6 C:\xampp\htdocs\lowrance\wp-includes\class-wp-hook.php(334): WP_Hook->apply_filters('', Array)
#7 C:\xampp\htdocs\lowrance\wp-includes\plugin.php(517): WP_Hook->do_action(Array)
#8 C:\xampp\htdocs\lowrance\wp-content\plugins\woocommerce\templates\content-single-product.php(72): do_action('woocommerce_aft...')
#9 C:\xampp\htdocs\lowrance\wp-includes\template.php(787): require('C:\\xampp\\htdocs...')
#10 C:\xampp\htdocs\lowrance\wp-content\plugins\woocommerce\includes\wc-core-functions.php(284): load_template('C:\\xampp\\htdocs...', false)
#11 C:\xampp\htdocs\lowrance\wp-content\themes\twentytwenty-child\woocommerce\single-product.php(42): wc_get_template_part('content', 'single-product')
#12 C:\xampp\htdocs\lowrance\wp-includes\template-loader.php(106): include('C:\\xampp\\htdocs...')
#13 C:\xampp\htdocs\lowrance\wp-blog-header.php(19): require_once('C:\\xampp\\htdocs...')
#14 C:\xampp\htdocs\lowrance\index.php(17): require('C:\\xampp\\htdocs...')
#15 {main}
  thrown in C:\xampp\htdocs\lowrance\wp-content\themes\twentytwenty-child\functions.php on line 314

2023-08-23T00:41:03+00:00 CRITICAL Uncaught TypeError: Cannot access offset of type string on string in C:\xampp\htdocs\lowrance\wp-content\themes\twentytwenty-child\functions.php:314
Stack trace:
#0 C:\xampp\htdocs\lowrance\wp-includes\class-wp-hook.php(310): custom_reviews_tab_title('Reviews (1)', 'reviews')
#1 C:\xampp\htdocs\lowrance\wp-includes\plugin.php(205): WP_Hook->apply_filters('Reviews (1)', Array)
#2 C:\xampp\htdocs\lowrance\wp-content\plugins\woocommerce\templates\single-product\tabs\tabs.php(38): apply_filters('woocommerce_pro...', 'Reviews (1)', 'reviews')
#3 C:\xampp\htdocs\lowrance\wp-content\plugins\woocommerce\includes\wc-core-functions.php(345): include('C:\\xampp\\htdocs...')
#4 C:\xampp\htdocs\lowrance\wp-content\plugins\woocommerce\includes\wc-template-functions.php(1626): wc_get_template('single-product/...')
#5 C:\xampp\htdocs\lowrance\wp-includes\class-wp-hook.php(310): woocommerce_output_product_data_tabs('')
#6 C:\xampp\htdocs\lowrance\wp-includes\class-wp-hook.php(334): WP_Hook->apply_filters('', Array)
#7 C:\xampp\htdocs\lowrance\wp-includes\plugin.php(517): WP_Hook->do_action(Array)
#8 C:\xampp\htdocs\lowrance\wp-content\plugins\woocommerce\templates\content-single-product.php(72): do_action('woocommerce_aft...')
#9 C:\xampp\htdocs\lowrance\wp-includes\template.php(787): require('C:\\xampp\\htdocs...')
#10 C:\xampp\htdocs\lowrance\wp-content\plugins\woocommerce\includes\wc-core-functions.php(284): load_template('C:\\xampp\\htdocs...', false)
#11 C:\xampp\htdocs\lowrance\wp-content\themes\twentytwenty-child\woocommerce\single-product.php(42): wc_get_template_part('content', 'single-product')
#12 C:\xampp\htdocs\lowrance\wp-includes\template-loader.php(106): include('C:\\xampp\\htdocs...')
#13 C:\xampp\htdocs\lowrance\wp-blog-header.php(19): require_once('C:\\xampp\\htdocs...')
#14 C:\xampp\htdocs\lowrance\index.php(17): require('C:\\xampp\\htdocs...')
#15 {main}
  thrown in C:\xampp\htdocs\lowrance\wp-content\themes\twentytwenty-child\functions.php on line 314

2023-08-23T00:44:20+00:00 CRITICAL syntax error, unexpected token "," in C:\xampp\htdocs\lowrance\wp-content\themes\twentytwenty-child\functions.php on line 310

2023-08-23T00:45:05+00:00 CRITICAL syntax error, unexpected identifier "simple", expecting ")" in C:\xampp\htdocs\lowrance\wp-content\themes\twentytwenty-child\functions.php on line 325

2023-08-23T01:03:04+00:00 CRITICAL Uncaught Error: Call to undefined function wc_get_review_form() in C:\xampp\htdocs\lowrance\wp-content\plugins\woocommerce\templates\single-product\review.php:23
Stack trace:
#0 C:\xampp\htdocs\lowrance\wp-content\plugins\woocommerce\includes\wc-core-functions.php(345): include()
#1 C:\xampp\htdocs\lowrance\wp-content\plugins\woocommerce\includes\wc-template-functions.php(1976): wc_get_template('single-product/...', Array)
#2 C:\xampp\htdocs\lowrance\wp-includes\class-walker-comment.php(184): woocommerce_comments(Object(WP_Comment), Array, 1)
#3 C:\xampp\htdocs\lowrance\wp-includes\class-wp-walker.php(147): Walker_Comment->start_el('', Object(WP_Comment), 1, Array)
#4 C:\xampp\htdocs\lowrance\wp-includes\class-walker-comment.php(139): Walker->display_element(Object(WP_Comment), Array, '5', 0, Array, '')
#5 C:\xampp\htdocs\lowrance\wp-includes\class-wp-walker.php(390): Walker_Comment->display_element(Object(WP_Comment), Array, '5', 0, Array, '')
#6 C:\xampp\htdocs\lowrance\wp-includes\comment-template.php(2388): Walker->paged_walk(Array, '5', 0, 0, Array)
#7 C:\xampp\htdocs\lowrance\wp-content\plugins\woocommerce\templates\single-product-reviews.php(44): wp_list_comments(Array)
#8 C:\xampp\htdocs\lowrance\wp-includes\comment-template.php(1615): require('C:\\xampp\\htdocs...')
#9 C:\xampp\htdocs\lowrance\wp-content\plugins\woocommerce\templates\single-product\tabs\tabs.php(47): comments_template('reviews', Array)
#10 C:\xampp\htdocs\lowrance\wp-content\plugins\woocommerce\includes\wc-core-functions.php(345): include('C:\\xampp\\htdocs...')
#11 C:\xampp\htdocs\lowrance\wp-content\plugins\woocommerce\includes\wc-template-functions.php(1626): wc_get_template('single-product/...')
#12 C:\xampp\htdocs\lowrance\wp-includes\class-wp-hook.php(310): woocommerce_output_product_data_tabs('')
#13 C:\xampp\htdocs\lowrance\wp-includes\class-wp-hook.php(334): WP_Hook->apply_filters('', Array)
#14 C:\xampp\htdocs\lowrance\wp-includes\plugin.php(517): WP_Hook->do_action(Array)
#15 C:\xampp\htdocs\lowrance\wp-content\plugins\woocommerce\templates\content-single-product.php(72): do_action('woocommerce_aft...')
#16 C:\xampp\htdocs\lowrance\wp-includes\template.php(787): require('C:\\xampp\\htdocs...')
#17 C:\xampp\htdocs\lowrance\wp-content\plugins\woocommerce\includes\wc-core-functions.php(284): load_template('C:\\xampp\\htdocs...', false)
#18 C:\xampp\htdocs\lowrance\wp-content\themes\twentytwenty-child\woocommerce\single-product.php(42): wc_get_template_part('content', 'single-product')
#19 C:\xampp\htdocs\lowrance\wp-includes\template-loader.php(106): include('C:\\xampp\\htdocs...')
#20 C:\xampp\htdocs\lowrance\wp-blog-header.php(19): require_once('C:\\xampp\\htdocs...')
#21 C:\xampp\htdocs\lowrance\index.php(17): require('C:\\xampp\\htdocs...')
#22 {main}
  thrown in C:\xampp\htdocs\lowrance\wp-content\plugins\woocommerce\templates\single-product\review.php on line 23

2023-08-23T20:57:03+00:00 CRITICAL syntax error, unexpected token "." in C:\xampp\htdocs\lowrance\wp-content\themes\twentytwenty-child\functions.php on line 380

2023-08-23T21:54:14+00:00 CRITICAL Cannot redeclare category_products_shortcode() (previously declared in C:\xampp\htdocs\lowrance\wp-content\themes\twentytwenty-child\functions.php:57) in C:\xampp\htdocs\lowrance\wp-content\themes\twentytwenty-child\functions.php on line 398

